[19/Oct/2022 12:15:31 Europe/Dublin] [Info] ############################################################
[19/Oct/2022 12:15:31 Europe/Dublin] [Info] # Output Factory initiated (html5)
[19/Oct/2022 12:15:31 Europe/Dublin] [Info] # Building output for: CL24 - Quickguide - Appointment handover
[19/Oct/2022 12:15:31 Europe/Dublin] [Info] # URL /document/edit/4453
[19/Oct/2022 12:15:31 Europe/Dublin] [Info] # User: Helena Nilsson
[19/Oct/2022 12:15:31 Europe/Dublin] [Info] # Time: Wed, 19 Oct 2022 12:15:31 +0100
[19/Oct/2022 12:15:31 Europe/Dublin] [Info] # Server: cottbus
[19/Oct/2022 12:15:31 Europe/Dublin] [Info] ############################################################
[19/Oct/2022 12:15:31 Europe/Dublin] [Info] Group: system
[19/Oct/2022 12:15:31 Europe/Dublin] [Info] Type: html5
[19/Oct/2022 12:15:31 Europe/Dublin] [Info] Transformation: /var/www/ccms/application/lib/docbook/xsl/html5/html5-2.xsl
[19/Oct/2022 12:15:31 Europe/Dublin] [Info] File found: /var/www/ccms/application/lib/docbook/xsl/html5/html5-2.xsl
[19/Oct/2022 12:15:31 Europe/Dublin] [Info] ############################################################
[19/Oct/2022 12:15:31 Europe/Dublin] [Info] Building output for: html5
[19/Oct/2022 12:15:31 Europe/Dublin] [Info] Using stylesheet: /var/www/ccms/application/lib/docbook/xsl/html5/html5-2.xsl
[19/Oct/2022 12:15:31 Europe/Dublin] [Info] Parameters for this build: (array) []
[19/Oct/2022 12:15:31 Europe/Dublin] [Info] Environment variables for this build: (array) []
[19/Oct/2022 12:15:31 Europe/Dublin] [Info] Building output for languages: (array) ["en"]
[19/Oct/2022 12:15:31 Europe/Dublin] [Info] Building multilang: no
[19/Oct/2022 12:15:31 Europe/Dublin] [Info] Building preview: no
[19/Oct/2022 12:15:31 Europe/Dublin] [Info] ############################################################
[19/Oct/2022 12:15:31 Europe/Dublin] [Info] Using build directory: /paligo/tmp/platform24/production-634fdc5220d1a7.57265013/4453-CL24_-_Quickguide_-_Appointment_handover-html5
[19/Oct/2022 12:15:32 Europe/Dublin] [Info] -- Generating source files
[19/Oct/2022 12:15:32 Europe/Dublin] [Info] -- Propagating taxonomies: false
[19/Oct/2022 12:15:32 Europe/Dublin] [Info] -- Source files have been generated
[19/Oct/2022 12:15:32 Europe/Dublin] [Info] -- Publication has no unresolved dependencies.
[19/Oct/2022 12:15:32 Europe/Dublin] [Info] -- Generating source files complete.
[19/Oct/2022 12:15:33 Europe/Dublin] [Info] Localizing: publication-4453.xml
[19/Oct/2022 12:15:33 Europe/Dublin] [Info] Language: en
[19/Oct/2022 12:15:33 Europe/Dublin] [Warning] Resolving some links failed
[19/Oct/2022 12:15:33 Europe/Dublin] [Info] [/*/*[2]/*[2]/*] An outgoing link in <a href="/document/edit/4531">CL24 - Preparation - Log in + Ongoing appointment</a> could not be resolved. The link points to <a href="/document/edit/4469">CL24 - Log in</a> which is not part of this publication.
[19/Oct/2022 12:15:33 Europe/Dublin] [Info] Variable sets found: 0
[19/Oct/2022 12:15:34 Europe/Dublin] [Info] Inserting image links.
[19/Oct/2022 12:15:34 Europe/Dublin] [Info] Found 0 image(s).
[19/Oct/2022 12:15:35 Europe/Dublin] [Info] Profiling parameters: (array) []
[19/Oct/2022 12:15:35 Europe/Dublin] [Info] Profiling customisation: /var/www/ccms/usr/platform24/xsl/profile.xsl (not found)
[19/Oct/2022 12:15:35 Europe/Dublin] [Info] Transformation: publication-4453--en.org.xml -> publication-4453--en.xml [profile.xsl]
[19/Oct/2022 12:15:35 Europe/Dublin] [Info] Transformation: publication-4453--en.xml -> publication-4453--en.xml [internal-xref.xsl]
[19/Oct/2022 12:15:36 Europe/Dublin] [Info] Transformation: A-filelist.xml -> B-sorted.xml [IO.document.sortlang.xsl]
[19/Oct/2022 12:15:36 Europe/Dublin] [Info] Transformation: B-sorted.xml -> C-concatenated.xml [IO.document.concat.xsl]
[19/Oct/2022 12:15:36 Europe/Dublin] [Info] Transformation: B-sorted.xml -> index-en.xml [IO.document.head.xsl]
[19-Oct-2022 12:15:37 Europe/Dublin] Parsing manifest file: css/*, css/image/*, css/image/callouts/*, js/*, js/jquery-3/*, fonts/*
[19-Oct-2022 12:15:37 Europe/Dublin] Filename: css/*
[19-Oct-2022 12:15:37 Europe/Dublin] Source directory: /var/www/ccms/application/lib/docbook/xsl/html5
[19-Oct-2022 12:15:37 Europe/Dublin] Target directory: /paligo/tmp/platform24/production-634fdc5220d1a7.57265013/4453-CL24_-_Quickguide_-_Appointment_handover-html5/out
[19-Oct-2022 12:15:37 Europe/Dublin] Copy file 'bootstrap-3.0.2.min.css'
[19-Oct-2022 12:15:37 Europe/Dublin] Copy file 'bootstrap-theme-3.0.2.min.css'
[19-Oct-2022 12:15:37 Europe/Dublin] Copy file 'bootstrap-theme.min.css'
[19-Oct-2022 12:15:37 Europe/Dublin] Copy file 'bootstrap-theme.min.css.map'
[19-Oct-2022 12:15:37 Europe/Dublin] Copy file 'bootstrap.min.css'
[19-Oct-2022 12:15:37 Europe/Dublin] Copy file 'bootstrap.min.css.map'
[19-Oct-2022 12:15:37 Europe/Dublin] Copy file 'content-theme1.css'
[19-Oct-2022 12:15:37 Europe/Dublin] Copy file 'content-theme2.css'
[19-Oct-2022 12:15:37 Europe/Dublin] Copy file 'docbook.css'
[19-Oct-2022 12:15:37 Europe/Dublin] Copy file 'font-awesome.css'
[19-Oct-2022 12:15:37 Europe/Dublin] Copy file 'graphical-lists.css'
[19-Oct-2022 12:15:37 Europe/Dublin] Copy file 'html5.algoliasearch.css'
[19-Oct-2022 12:15:37 Europe/Dublin] Copy file 'html5.algoliasearchpage.css'
[19-Oct-2022 12:15:37 Europe/Dublin] Copy file 'mathml.css'
[19-Oct-2022 12:15:37 Europe/Dublin] Copy file 'roboto.font.css'
[19-Oct-2022 12:15:37 Europe/Dublin] Copy file 'rwd-table.min.css'
[19-Oct-2022 12:15:37 Europe/Dublin] Copy file 'sm-core-css.css'
[19-Oct-2022 12:15:37 Europe/Dublin] Copy file 'sm-simple.css'
[19-Oct-2022 12:15:37 Europe/Dublin] Copy file 'style-api-responsive.css'
[19-Oct-2022 12:15:37 Europe/Dublin] Copy file 'style-api.css'
[19-Oct-2022 12:15:37 Europe/Dublin] Copy file 'style-common.css'
[19-Oct-2022 12:15:37 Europe/Dublin] Copy file 'style-index-page.css'
[19-Oct-2022 12:15:37 Europe/Dublin] Copy file 'style-modern-tables.css'
[19-Oct-2022 12:15:37 Europe/Dublin] Copy file 'style-print.css'
[19-Oct-2022 12:15:37 Europe/Dublin] Copy file 'style-responsive.css'
[19-Oct-2022 12:15:37 Europe/Dublin] Copy file 'style-revealjs-slides.css'
[19-Oct-2022 12:15:37 Europe/Dublin] Copy file 'style-single-page.css'
[19-Oct-2022 12:15:37 Europe/Dublin] Copy file 'style.css'
[19-Oct-2022 12:15:37 Europe/Dublin] Copy file 'theme0.css'
[19-Oct-2022 12:15:37 Europe/Dublin] Copy file 'theme1-colors.css'
[19-Oct-2022 12:15:37 Europe/Dublin] Copy file 'theme1.css'
[19-Oct-2022 12:15:37 Europe/Dublin] Copy file 'theme2-colors.css'
[19-Oct-2022 12:15:37 Europe/Dublin] Copy file 'theme2.css'
[19-Oct-2022 12:15:37 Europe/Dublin] Copy file 'theme3-colors.css'
[19-Oct-2022 12:15:37 Europe/Dublin] Copy file 'theme3.css'
[19-Oct-2022 12:15:37 Europe/Dublin] Copy file 'theme3b-colors.css'
[19-Oct-2022 12:15:37 Europe/Dublin] Copy file 'theme3b.css'
[19-Oct-2022 12:15:37 Europe/Dublin] Copy file 'theme3c-colors.css'
[19-Oct-2022 12:15:37 Europe/Dublin] Copy file 'theme3c.css'
[19-Oct-2022 12:15:37 Europe/Dublin] Copy file 'theme3d-colors.css'
[19-Oct-2022 12:15:37 Europe/Dublin] Copy file 'theme3d.css'
[19-Oct-2022 12:15:37 Europe/Dublin] Copy file 'wcag.css'
[19-Oct-2022 12:15:37 Europe/Dublin] Filename: css/image/*
[19-Oct-2022 12:15:37 Europe/Dublin] Source directory: /var/www/ccms/application/lib/docbook/xsl/html5
[19-Oct-2022 12:15:37 Europe/Dublin] Target directory: /paligo/tmp/platform24/production-634fdc5220d1a7.57265013/4453-CL24_-_Quickguide_-_Appointment_handover-html5/out
[19-Oct-2022 12:15:37 Europe/Dublin] Copy file 'breadcrumb-seperator.png'
[19-Oct-2022 12:15:37 Europe/Dublin] Copy file 'caution.png'
[19-Oct-2022 12:15:37 Europe/Dublin] Copy file 'corporate-logo-blue-inverted.svg'
[19-Oct-2022 12:15:37 Europe/Dublin] Copy file 'corporate-logo-blue.svg'
[19-Oct-2022 12:15:37 Europe/Dublin] Copy file 'corporate-logo-white.png'
[19-Oct-2022 12:15:37 Europe/Dublin] Copy file 'corporate-logo-white.svg'
[19-Oct-2022 12:15:37 Europe/Dublin] Copy file 'corporate-logo.png'
[19-Oct-2022 12:15:37 Europe/Dublin] Copy file 'corporate-logo.svg'
[19-Oct-2022 12:15:37 Europe/Dublin] Copy file 'important.png'
[19-Oct-2022 12:15:37 Europe/Dublin] Copy file 'note.png'
[19-Oct-2022 12:15:37 Europe/Dublin] Copy file 'portal1-bg.jpg'
[19-Oct-2022 12:15:37 Europe/Dublin] Copy file 'portal2a-bg.jpg'
[19-Oct-2022 12:15:37 Europe/Dublin] Copy file 'portal2b-bg.jpg'
[19-Oct-2022 12:15:37 Europe/Dublin] Copy file 'portal2c-bg.jpg'
[19-Oct-2022 12:15:37 Europe/Dublin] Copy file 'subheader-bg.png'
[19-Oct-2022 12:15:37 Europe/Dublin] Copy file 'warning.png'
[19-Oct-2022 12:15:37 Europe/Dublin] Filename: css/image/callouts/*
[19-Oct-2022 12:15:37 Europe/Dublin] Source directory: /var/www/ccms/application/lib/docbook/xsl/html5
[19-Oct-2022 12:15:37 Europe/Dublin] Target directory: /paligo/tmp/platform24/production-634fdc5220d1a7.57265013/4453-CL24_-_Quickguide_-_Appointment_handover-html5/out
[19-Oct-2022 12:15:37 Europe/Dublin] Copy file '1.gif'
[19-Oct-2022 12:15:37 Europe/Dublin] Copy file '1.png'
[19-Oct-2022 12:15:37 Europe/Dublin] Copy file '1.svg'
[19-Oct-2022 12:15:37 Europe/Dublin] Copy file '10.gif'
[19-Oct-2022 12:15:37 Europe/Dublin] Copy file '10.png'
[19-Oct-2022 12:15:37 Europe/Dublin] Copy file '10.svg'
[19-Oct-2022 12:15:37 Europe/Dublin] Copy file '11.gif'
[19-Oct-2022 12:15:37 Europe/Dublin] Copy file '11.png'
[19-Oct-2022 12:15:37 Europe/Dublin] Copy file '11.svg'
[19-Oct-2022 12:15:37 Europe/Dublin] Copy file '12.gif'
[19-Oct-2022 12:15:37 Europe/Dublin] Copy file '12.png'
[19-Oct-2022 12:15:37 Europe/Dublin] Copy file '12.svg'
[19-Oct-2022 12:15:37 Europe/Dublin] Copy file '13.gif'
[19-Oct-2022 12:15:37 Europe/Dublin] Copy file '13.png'
[19-Oct-2022 12:15:37 Europe/Dublin] Copy file '13.svg'
[19-Oct-2022 12:15:37 Europe/Dublin] Copy file '14.gif'
[19-Oct-2022 12:15:37 Europe/Dublin] Copy file '14.png'
[19-Oct-2022 12:15:37 Europe/Dublin] Copy file '14.svg'
[19-Oct-2022 12:15:37 Europe/Dublin] Copy file '15.gif'
[19-Oct-2022 12:15:37 Europe/Dublin] Copy file '15.png'
[19-Oct-2022 12:15:37 Europe/Dublin] Copy file '15.svg'
[19-Oct-2022 12:15:37 Europe/Dublin] Copy file '16.svg'
[19-Oct-2022 12:15:37 Europe/Dublin] Copy file '17.svg'
[19-Oct-2022 12:15:37 Europe/Dublin] Copy file '18.svg'
[19-Oct-2022 12:15:37 Europe/Dublin] Copy file '19.svg'
[19-Oct-2022 12:15:37 Europe/Dublin] Copy file '2.gif'
[19-Oct-2022 12:15:37 Europe/Dublin] Copy file '2.png'
[19-Oct-2022 12:15:37 Europe/Dublin] Copy file '2.svg'
[19-Oct-2022 12:15:37 Europe/Dublin] Copy file '20.svg'
[19-Oct-2022 12:15:37 Europe/Dublin] Copy file '21.svg'
[19-Oct-2022 12:15:37 Europe/Dublin] Copy file '22.svg'
[19-Oct-2022 12:15:37 Europe/Dublin] Copy file '23.svg'
[19-Oct-2022 12:15:37 Europe/Dublin] Copy file '24.svg'
[19-Oct-2022 12:15:37 Europe/Dublin] Copy file '25.svg'
[19-Oct-2022 12:15:37 Europe/Dublin] Copy file '26.svg'
[19-Oct-2022 12:15:37 Europe/Dublin] Copy file '27.svg'
[19-Oct-2022 12:15:37 Europe/Dublin] Copy file '28.svg'
[19-Oct-2022 12:15:37 Europe/Dublin] Copy file '29.svg'
[19-Oct-2022 12:15:37 Europe/Dublin] Copy file '3.gif'
[19-Oct-2022 12:15:37 Europe/Dublin] Copy file '3.png'
[19-Oct-2022 12:15:37 Europe/Dublin] Copy file '3.svg'
[19-Oct-2022 12:15:37 Europe/Dublin] Copy file '30.svg'
[19-Oct-2022 12:15:37 Europe/Dublin] Copy file '4.gif'
[19-Oct-2022 12:15:37 Europe/Dublin] Copy file '4.png'
[19-Oct-2022 12:15:37 Europe/Dublin] Copy file '4.svg'
[19-Oct-2022 12:15:37 Europe/Dublin] Copy file '5.gif'
[19-Oct-2022 12:15:37 Europe/Dublin] Copy file '5.png'
[19-Oct-2022 12:15:37 Europe/Dublin] Copy file '5.svg'
[19-Oct-2022 12:15:37 Europe/Dublin] Copy file '6.gif'
[19-Oct-2022 12:15:37 Europe/Dublin] Copy file '6.png'
[19-Oct-2022 12:15:37 Europe/Dublin] Copy file '6.svg'
[19-Oct-2022 12:15:37 Europe/Dublin] Copy file '7.gif'
[19-Oct-2022 12:15:37 Europe/Dublin] Copy file '7.png'
[19-Oct-2022 12:15:37 Europe/Dublin] Copy file '7.svg'
[19-Oct-2022 12:15:37 Europe/Dublin] Copy file '8.gif'
[19-Oct-2022 12:15:37 Europe/Dublin] Copy file '8.png'
[19-Oct-2022 12:15:37 Europe/Dublin] Copy file '8.svg'
[19-Oct-2022 12:15:37 Europe/Dublin] Copy file '9.gif'
[19-Oct-2022 12:15:37 Europe/Dublin] Copy file '9.png'
[19-Oct-2022 12:15:37 Europe/Dublin] Copy file '9.svg'
[19-Oct-2022 12:15:37 Europe/Dublin] Filename: js/*
[19-Oct-2022 12:15:37 Europe/Dublin] Source directory: /var/www/ccms/application/lib/docbook/xsl/html5
[19-Oct-2022 12:15:37 Europe/Dublin] Target directory: /paligo/tmp/platform24/production-634fdc5220d1a7.57265013/4453-CL24_-_Quickguide_-_Appointment_handover-html5/out
[19-Oct-2022 12:15:37 Europe/Dublin] Copy file 'ajax-loading.js'
[19-Oct-2022 12:15:37 Europe/Dublin] Copy file 'anchorlinks.js'
[19-Oct-2022 12:15:37 Europe/Dublin] Copy file 'bootstrap.min.js'
[19-Oct-2022 12:15:37 Europe/Dublin] Copy file 'checklist.js'
[19-Oct-2022 12:15:37 Europe/Dublin] Copy file 'clipboard.min.js'
[19-Oct-2022 12:15:37 Europe/Dublin] Copy file 'cookie-consent.js'
[19-Oct-2022 12:15:37 Europe/Dublin] Copy file 'create-toc.js'
[19-Oct-2022 12:15:37 Europe/Dublin] Copy file 'csh.js'
[19-Oct-2022 12:15:37 Europe/Dublin] Copy file 'fuse.min.js'
[19-Oct-2022 12:15:37 Europe/Dublin] Copy file 'hilitor.js'
[19-Oct-2022 12:15:37 Europe/Dublin] Copy file 'html5-2-ajax-hp.js'
[19-Oct-2022 12:15:37 Europe/Dublin] Copy file 'html5-2-ajax.js'
[19-Oct-2022 12:15:37 Europe/Dublin] Copy file 'html5-2-mp-common.js'
[19-Oct-2022 12:15:37 Europe/Dublin] Copy file 'html5-2-portal.js'
[19-Oct-2022 12:15:37 Europe/Dublin] Copy file 'html5-2.js'
[19-Oct-2022 12:15:37 Europe/Dublin] Copy file 'html5.algoliasearch.js'
[19-Oct-2022 12:15:37 Europe/Dublin] Copy file 'html5.algoliasearchpage.js'
[19-Oct-2022 12:15:37 Europe/Dublin] Copy file 'html5.fuse.search.js'
[19-Oct-2022 12:15:37 Europe/Dublin] Copy file 'jquery-1.10.2.min.js'
[19-Oct-2022 12:15:37 Europe/Dublin] Copy file 'jquery-1.10.2.min.map'
[19-Oct-2022 12:15:37 Europe/Dublin] Copy file 'jquery-migrate-3.0.1.min.js'
[19-Oct-2022 12:15:37 Europe/Dublin] Copy file 'jquery-ui-1.10.3.custom.min.js'
[19-Oct-2022 12:15:37 Europe/Dublin] Copy file 'jquery.event.move.js'
[19-Oct-2022 12:15:37 Europe/Dublin] Copy file 'jquery.event.swipe.js'
[19-Oct-2022 12:15:37 Europe/Dublin] Copy file 'jquery.mark.min.js'
[19-Oct-2022 12:15:37 Europe/Dublin] Copy file 'jquery.paligocode.js'
[19-Oct-2022 12:15:37 Europe/Dublin] Copy file 'jquery.smartmenus.js'
[19-Oct-2022 12:15:37 Europe/Dublin] Copy file 'jquery.sticky.js'
[19-Oct-2022 12:15:37 Europe/Dublin] Copy file 'lunr-single-lang.js'
[19-Oct-2022 12:15:37 Europe/Dublin] Copy file 'lunr.js'
[19-Oct-2022 12:15:37 Europe/Dublin] Copy file 'materialize.min.js'
[19-Oct-2022 12:15:37 Europe/Dublin] Copy file 'mspace.js'
[19-Oct-2022 12:15:37 Europe/Dublin] Copy file 'purl.js'
[19-Oct-2022 12:15:37 Europe/Dublin] Copy file 'respond.min.js'
[19-Oct-2022 12:15:37 Europe/Dublin] Copy file 'responsive-tables.js'
[19-Oct-2022 12:15:37 Europe/Dublin] Copy file 'rwd-table.min.js'
[19-Oct-2022 12:15:37 Europe/Dublin] Copy file 'script-api.js'
[19-Oct-2022 12:15:37 Europe/Dublin] Copy file 'script-revealjs-slides.js'
[19-Oct-2022 12:15:37 Europe/Dublin] Copy file 'script.js'
[19-Oct-2022 12:15:37 Europe/Dublin] Copy file 'search.js'
[19-Oct-2022 12:15:37 Europe/Dublin] Copy file 'updateurl.js'
[19-Oct-2022 12:15:37 Europe/Dublin] Filename: js/jquery-3/*
[19-Oct-2022 12:15:37 Europe/Dublin] Source directory: /var/www/ccms/application/lib/docbook/xsl/html5
[19-Oct-2022 12:15:37 Europe/Dublin] Target directory: /paligo/tmp/platform24/production-634fdc5220d1a7.57265013/4453-CL24_-_Quickguide_-_Appointment_handover-html5/out
[19-Oct-2022 12:15:37 Europe/Dublin] Copy file 'jquery-3.4.1.min.js'
[19-Oct-2022 12:15:37 Europe/Dublin] Copy file 'jquery-3.5.1.min.js'
[19-Oct-2022 12:15:37 Europe/Dublin] Copy file 'jquery-3.6.0.min.js'
[19-Oct-2022 12:15:37 Europe/Dublin] Filename: fonts/*
[19-Oct-2022 12:15:37 Europe/Dublin] Source directory: /var/www/ccms/application/lib/docbook/xsl/html5
[19-Oct-2022 12:15:37 Europe/Dublin] Target directory: /paligo/tmp/platform24/production-634fdc5220d1a7.57265013/4453-CL24_-_Quickguide_-_Appointment_handover-html5/out
[19-Oct-2022 12:15:37 Europe/Dublin] Copy file 'FontAwesome.otf'
[19-Oct-2022 12:15:37 Europe/Dublin] Copy file 'fontawesome-webfont.eot'
[19-Oct-2022 12:15:37 Europe/Dublin] Copy file 'fontawesome-webfont.svg'
[19-Oct-2022 12:15:37 Europe/Dublin] Copy file 'fontawesome-webfont.ttf'
[19-Oct-2022 12:15:37 Europe/Dublin] Copy file 'fontawesome-webfont.woff'
[19-Oct-2022 12:15:37 Europe/Dublin] Copy file 'fontawesome-webfont.woff2'
[19-Oct-2022 12:15:37 Europe/Dublin] Copy file 'glyphicons-halflings-regular.eot'
[19-Oct-2022 12:15:37 Europe/Dublin] Copy file 'glyphicons-halflings-regular.svg'
[19-Oct-2022 12:15:37 Europe/Dublin] Copy file 'glyphicons-halflings-regular.ttf'
[19-Oct-2022 12:15:37 Europe/Dublin] Copy file 'glyphicons-halflings-regular.woff'
[19-Oct-2022 12:15:37 Europe/Dublin] Copy file 'glyphicons-halflings-regular.woff2'
[19-Oct-2022 12:15:37 Europe/Dublin] Copy file 'roboto-v20-vietnamese_latin-ext_latin_greek-ext_greek_cyrillic-ext_cyrillic-300.eot'
[19-Oct-2022 12:15:37 Europe/Dublin] Copy file 'roboto-v20-vietnamese_latin-ext_latin_greek-ext_greek_cyrillic-ext_cyrillic-300.svg'
[19-Oct-2022 12:15:37 Europe/Dublin] Copy file 'roboto-v20-vietnamese_latin-ext_latin_greek-ext_greek_cyrillic-ext_cyrillic-300.ttf'
[19-Oct-2022 12:15:37 Europe/Dublin] Copy file 'roboto-v20-vietnamese_latin-ext_latin_greek-ext_greek_cyrillic-ext_cyrillic-300.woff'
[19-Oct-2022 12:15:37 Europe/Dublin] Copy file 'roboto-v20-vietnamese_latin-ext_latin_greek-ext_greek_cyrillic-ext_cyrillic-300.woff2'
[19-Oct-2022 12:15:37 Europe/Dublin] Copy file 'roboto-v20-vietnamese_latin-ext_latin_greek-ext_greek_cyrillic-ext_cyrillic-700.eot'
[19-Oct-2022 12:15:37 Europe/Dublin] Copy file 'roboto-v20-vietnamese_latin-ext_latin_greek-ext_greek_cyrillic-ext_cyrillic-700.svg'
[19-Oct-2022 12:15:37 Europe/Dublin] Copy file 'roboto-v20-vietnamese_latin-ext_latin_greek-ext_greek_cyrillic-ext_cyrillic-700.ttf'
[19-Oct-2022 12:15:37 Europe/Dublin] Copy file 'roboto-v20-vietnamese_latin-ext_latin_greek-ext_greek_cyrillic-ext_cyrillic-700.woff'
[19-Oct-2022 12:15:37 Europe/Dublin] Copy file 'roboto-v20-vietnamese_latin-ext_latin_greek-ext_greek_cyrillic-ext_cyrillic-700.woff2'
[19-Oct-2022 12:15:37 Europe/Dublin] Copy file 'roboto-v20-vietnamese_latin-ext_latin_greek-ext_greek_cyrillic-ext_cyrillic-regular.eot'
[19-Oct-2022 12:15:37 Europe/Dublin] Copy file 'roboto-v20-vietnamese_latin-ext_latin_greek-ext_greek_cyrillic-ext_cyrillic-regular.svg'
[19-Oct-2022 12:15:37 Europe/Dublin] Copy file 'roboto-v20-vietnamese_latin-ext_latin_greek-ext_greek_cyrillic-ext_cyrillic-regular.ttf'
[19-Oct-2022 12:15:37 Europe/Dublin] Copy file 'roboto-v20-vietnamese_latin-ext_latin_greek-ext_greek_cyrillic-ext_cyrillic-regular.woff'
[19-Oct-2022 12:15:37 Europe/Dublin] Copy file 'roboto-v20-vietnamese_latin-ext_latin_greek-ext_greek_cyrillic-ext_cyrillic-regular.woff2'
[19-Oct-2022 12:15:37 Europe/Dublin] Parsing manifest file: css/*, css/image/*, css/image/callouts/*, js/*, fonts/*
[19-Oct-2022 12:15:37 Europe/Dublin] Filename: css/*
[19-Oct-2022 12:15:37 Europe/Dublin] Source directory: /var/www/ccms/application/lib/docbook/xsl/html5
[19-Oct-2022 12:15:37 Europe/Dublin] Target directory: /paligo/tmp/platform24/production-634fdc5220d1a7.57265013/4453-CL24_-_Quickguide_-_Appointment_handover-html5/out
[19-Oct-2022 12:15:37 Europe/Dublin] Copy file 'bootstrap-3.0.2.min.css'
[19-Oct-2022 12:15:37 Europe/Dublin] Copy file 'bootstrap-theme-3.0.2.min.css'
[19-Oct-2022 12:15:37 Europe/Dublin] Copy file 'bootstrap-theme.min.css'
[19-Oct-2022 12:15:37 Europe/Dublin] Copy file 'bootstrap-theme.min.css.map'
[19-Oct-2022 12:15:37 Europe/Dublin] Copy file 'bootstrap.min.css'
[19-Oct-2022 12:15:37 Europe/Dublin] Copy file 'bootstrap.min.css.map'
[19-Oct-2022 12:15:37 Europe/Dublin] Copy file 'content-theme1.css'
[19-Oct-2022 12:15:37 Europe/Dublin] Copy file 'content-theme2.css'
[19-Oct-2022 12:15:37 Europe/Dublin] Copy file 'docbook.css'
[19-Oct-2022 12:15:37 Europe/Dublin] Copy file 'font-awesome.css'
[19-Oct-2022 12:15:37 Europe/Dublin] Copy file 'graphical-lists.css'
[19-Oct-2022 12:15:37 Europe/Dublin] Copy file 'html5.algoliasearch.css'
[19-Oct-2022 12:15:37 Europe/Dublin] Copy file 'html5.algoliasearchpage.css'
[19-Oct-2022 12:15:37 Europe/Dublin] Copy file 'mathml.css'
[19-Oct-2022 12:15:37 Europe/Dublin] Copy file 'roboto.font.css'
[19-Oct-2022 12:15:37 Europe/Dublin] Copy file 'rwd-table.min.css'
[19-Oct-2022 12:15:37 Europe/Dublin] Copy file 'sm-core-css.css'
[19-Oct-2022 12:15:37 Europe/Dublin] Copy file 'sm-simple.css'
[19-Oct-2022 12:15:37 Europe/Dublin] Copy file 'style-api-responsive.css'
[19-Oct-2022 12:15:37 Europe/Dublin] Copy file 'style-api.css'
[19-Oct-2022 12:15:37 Europe/Dublin] Copy file 'style-common.css'
[19-Oct-2022 12:15:37 Europe/Dublin] Copy file 'style-index-page.css'
[19-Oct-2022 12:15:37 Europe/Dublin] Copy file 'style-modern-tables.css'
[19-Oct-2022 12:15:37 Europe/Dublin] Copy file 'style-print.css'
[19-Oct-2022 12:15:37 Europe/Dublin] Copy file 'style-responsive.css'
[19-Oct-2022 12:15:37 Europe/Dublin] Copy file 'style-revealjs-slides.css'
[19-Oct-2022 12:15:37 Europe/Dublin] Copy file 'style-single-page.css'
[19-Oct-2022 12:15:37 Europe/Dublin] Copy file 'style.css'
[19-Oct-2022 12:15:37 Europe/Dublin] Copy file 'theme0.css'
[19-Oct-2022 12:15:37 Europe/Dublin] Copy file 'theme1-colors.css'
[19-Oct-2022 12:15:37 Europe/Dublin] Copy file 'theme1.css'
[19-Oct-2022 12:15:37 Europe/Dublin] Copy file 'theme2-colors.css'
[19-Oct-2022 12:15:37 Europe/Dublin] Copy file 'theme2.css'
[19-Oct-2022 12:15:37 Europe/Dublin] Copy file 'theme3-colors.css'
[19-Oct-2022 12:15:37 Europe/Dublin] Copy file 'theme3.css'
[19-Oct-2022 12:15:37 Europe/Dublin] Copy file 'theme3b-colors.css'
[19-Oct-2022 12:15:37 Europe/Dublin] Copy file 'theme3b.css'
[19-Oct-2022 12:15:37 Europe/Dublin] Copy file 'theme3c-colors.css'
[19-Oct-2022 12:15:37 Europe/Dublin] Copy file 'theme3c.css'
[19-Oct-2022 12:15:37 Europe/Dublin] Copy file 'theme3d-colors.css'
[19-Oct-2022 12:15:37 Europe/Dublin] Copy file 'theme3d.css'
[19-Oct-2022 12:15:37 Europe/Dublin] Copy file 'wcag.css'
[19-Oct-2022 12:15:37 Europe/Dublin] Filename: css/image/*
[19-Oct-2022 12:15:37 Europe/Dublin] Source directory: /var/www/ccms/application/lib/docbook/xsl/html5
[19-Oct-2022 12:15:37 Europe/Dublin] Target directory: /paligo/tmp/platform24/production-634fdc5220d1a7.57265013/4453-CL24_-_Quickguide_-_Appointment_handover-html5/out
[19-Oct-2022 12:15:37 Europe/Dublin] Copy file 'breadcrumb-seperator.png'
[19-Oct-2022 12:15:37 Europe/Dublin] Copy file 'caution.png'
[19-Oct-2022 12:15:37 Europe/Dublin] Copy file 'corporate-logo-blue-inverted.svg'
[19-Oct-2022 12:15:37 Europe/Dublin] Copy file 'corporate-logo-blue.svg'
[19-Oct-2022 12:15:37 Europe/Dublin] Copy file 'corporate-logo-white.png'
[19-Oct-2022 12:15:37 Europe/Dublin] Copy file 'corporate-logo-white.svg'
[19-Oct-2022 12:15:37 Europe/Dublin] Copy file 'corporate-logo.png'
[19-Oct-2022 12:15:37 Europe/Dublin] Copy file 'corporate-logo.svg'
[19-Oct-2022 12:15:37 Europe/Dublin] Copy file 'important.png'
[19-Oct-2022 12:15:37 Europe/Dublin] Copy file 'note.png'
[19-Oct-2022 12:15:37 Europe/Dublin] Copy file 'portal1-bg.jpg'
[19-Oct-2022 12:15:37 Europe/Dublin] Copy file 'portal2a-bg.jpg'
[19-Oct-2022 12:15:37 Europe/Dublin] Copy file 'portal2b-bg.jpg'
[19-Oct-2022 12:15:37 Europe/Dublin] Copy file 'portal2c-bg.jpg'
[19-Oct-2022 12:15:37 Europe/Dublin] Copy file 'subheader-bg.png'
[19-Oct-2022 12:15:37 Europe/Dublin] Copy file 'warning.png'
[19-Oct-2022 12:15:37 Europe/Dublin] Filename: css/image/callouts/*
[19-Oct-2022 12:15:37 Europe/Dublin] Source directory: /var/www/ccms/application/lib/docbook/xsl/html5
[19-Oct-2022 12:15:37 Europe/Dublin] Target directory: /paligo/tmp/platform24/production-634fdc5220d1a7.57265013/4453-CL24_-_Quickguide_-_Appointment_handover-html5/out
[19-Oct-2022 12:15:37 Europe/Dublin] Copy file '1.gif'
[19-Oct-2022 12:15:37 Europe/Dublin] Copy file '1.png'
[19-Oct-2022 12:15:37 Europe/Dublin] Copy file '1.svg'
[19-Oct-2022 12:15:37 Europe/Dublin] Copy file '10.gif'
[19-Oct-2022 12:15:37 Europe/Dublin] Copy file '10.png'
[19-Oct-2022 12:15:37 Europe/Dublin] Copy file '10.svg'
[19-Oct-2022 12:15:37 Europe/Dublin] Copy file '11.gif'
[19-Oct-2022 12:15:37 Europe/Dublin] Copy file '11.png'
[19-Oct-2022 12:15:37 Europe/Dublin] Copy file '11.svg'
[19-Oct-2022 12:15:37 Europe/Dublin] Copy file '12.gif'
[19-Oct-2022 12:15:37 Europe/Dublin] Copy file '12.png'
[19-Oct-2022 12:15:37 Europe/Dublin] Copy file '12.svg'
[19-Oct-2022 12:15:37 Europe/Dublin] Copy file '13.gif'
[19-Oct-2022 12:15:37 Europe/Dublin] Copy file '13.png'
[19-Oct-2022 12:15:37 Europe/Dublin] Copy file '13.svg'
[19-Oct-2022 12:15:37 Europe/Dublin] Copy file '14.gif'
[19-Oct-2022 12:15:37 Europe/Dublin] Copy file '14.png'
[19-Oct-2022 12:15:37 Europe/Dublin] Copy file '14.svg'
[19-Oct-2022 12:15:37 Europe/Dublin] Copy file '15.gif'
[19-Oct-2022 12:15:37 Europe/Dublin] Copy file '15.png'
[19-Oct-2022 12:15:37 Europe/Dublin] Copy file '15.svg'
[19-Oct-2022 12:15:37 Europe/Dublin] Copy file '16.svg'
[19-Oct-2022 12:15:37 Europe/Dublin] Copy file '17.svg'
[19-Oct-2022 12:15:37 Europe/Dublin] Copy file '18.svg'
[19-Oct-2022 12:15:37 Europe/Dublin] Copy file '19.svg'
[19-Oct-2022 12:15:37 Europe/Dublin] Copy file '2.gif'
[19-Oct-2022 12:15:37 Europe/Dublin] Copy file '2.png'
[19-Oct-2022 12:15:37 Europe/Dublin] Copy file '2.svg'
[19-Oct-2022 12:15:37 Europe/Dublin] Copy file '20.svg'
[19-Oct-2022 12:15:37 Europe/Dublin] Copy file '21.svg'
[19-Oct-2022 12:15:37 Europe/Dublin] Copy file '22.svg'
[19-Oct-2022 12:15:37 Europe/Dublin] Copy file '23.svg'
[19-Oct-2022 12:15:37 Europe/Dublin] Copy file '24.svg'
[19-Oct-2022 12:15:37 Europe/Dublin] Copy file '25.svg'
[19-Oct-2022 12:15:37 Europe/Dublin] Copy file '26.svg'
[19-Oct-2022 12:15:37 Europe/Dublin] Copy file '27.svg'
[19-Oct-2022 12:15:37 Europe/Dublin] Copy file '28.svg'
[19-Oct-2022 12:15:37 Europe/Dublin] Copy file '29.svg'
[19-Oct-2022 12:15:37 Europe/Dublin] Copy file '3.gif'
[19-Oct-2022 12:15:37 Europe/Dublin] Copy file '3.png'
[19-Oct-2022 12:15:37 Europe/Dublin] Copy file '3.svg'
[19-Oct-2022 12:15:37 Europe/Dublin] Copy file '30.svg'
[19-Oct-2022 12:15:37 Europe/Dublin] Copy file '4.gif'
[19-Oct-2022 12:15:37 Europe/Dublin] Copy file '4.png'
[19-Oct-2022 12:15:37 Europe/Dublin] Copy file '4.svg'
[19-Oct-2022 12:15:37 Europe/Dublin] Copy file '5.gif'
[19-Oct-2022 12:15:37 Europe/Dublin] Copy file '5.png'
[19-Oct-2022 12:15:37 Europe/Dublin] Copy file '5.svg'
[19-Oct-2022 12:15:37 Europe/Dublin] Copy file '6.gif'
[19-Oct-2022 12:15:37 Europe/Dublin] Copy file '6.png'
[19-Oct-2022 12:15:37 Europe/Dublin] Copy file '6.svg'
[19-Oct-2022 12:15:37 Europe/Dublin] Copy file '7.gif'
[19-Oct-2022 12:15:37 Europe/Dublin] Copy file '7.png'
[19-Oct-2022 12:15:37 Europe/Dublin] Copy file '7.svg'
[19-Oct-2022 12:15:37 Europe/Dublin] Copy file '8.gif'
[19-Oct-2022 12:15:37 Europe/Dublin] Copy file '8.png'
[19-Oct-2022 12:15:37 Europe/Dublin] Copy file '8.svg'
[19-Oct-2022 12:15:37 Europe/Dublin] Copy file '9.gif'
[19-Oct-2022 12:15:37 Europe/Dublin] Copy file '9.png'
[19-Oct-2022 12:15:37 Europe/Dublin] Copy file '9.svg'
[19-Oct-2022 12:15:37 Europe/Dublin] Filename: js/*
[19-Oct-2022 12:15:37 Europe/Dublin] Source directory: /var/www/ccms/application/lib/docbook/xsl/html5
[19-Oct-2022 12:15:37 Europe/Dublin] Target directory: /paligo/tmp/platform24/production-634fdc5220d1a7.57265013/4453-CL24_-_Quickguide_-_Appointment_handover-html5/out
[19-Oct-2022 12:15:37 Europe/Dublin] Copy file 'ajax-loading.js'
[19-Oct-2022 12:15:37 Europe/Dublin] Copy file 'anchorlinks.js'
[19-Oct-2022 12:15:37 Europe/Dublin] Copy file 'bootstrap.min.js'
[19-Oct-2022 12:15:37 Europe/Dublin] Copy file 'checklist.js'
[19-Oct-2022 12:15:37 Europe/Dublin] Copy file 'clipboard.min.js'
[19-Oct-2022 12:15:37 Europe/Dublin] Copy file 'cookie-consent.js'
[19-Oct-2022 12:15:37 Europe/Dublin] Copy file 'create-toc.js'
[19-Oct-2022 12:15:37 Europe/Dublin] Copy file 'csh.js'
[19-Oct-2022 12:15:37 Europe/Dublin] Copy file 'fuse.min.js'
[19-Oct-2022 12:15:37 Europe/Dublin] Copy file 'hilitor.js'
[19-Oct-2022 12:15:37 Europe/Dublin] Copy file 'html5-2-ajax-hp.js'
[19-Oct-2022 12:15:37 Europe/Dublin] Copy file 'html5-2-ajax.js'
[19-Oct-2022 12:15:37 Europe/Dublin] Copy file 'html5-2-mp-common.js'
[19-Oct-2022 12:15:37 Europe/Dublin] Copy file 'html5-2-portal.js'
[19-Oct-2022 12:15:37 Europe/Dublin] Copy file 'html5-2.js'
[19-Oct-2022 12:15:37 Europe/Dublin] Copy file 'html5.algoliasearch.js'
[19-Oct-2022 12:15:37 Europe/Dublin] Copy file 'html5.algoliasearchpage.js'
[19-Oct-2022 12:15:37 Europe/Dublin] Copy file 'html5.fuse.search.js'
[19-Oct-2022 12:15:37 Europe/Dublin] Copy file 'jquery-1.10.2.min.js'
[19-Oct-2022 12:15:37 Europe/Dublin] Copy file 'jquery-1.10.2.min.map'
[19-Oct-2022 12:15:37 Europe/Dublin] Copy file 'jquery-migrate-3.0.1.min.js'
[19-Oct-2022 12:15:37 Europe/Dublin] Copy file 'jquery-ui-1.10.3.custom.min.js'
[19-Oct-2022 12:15:37 Europe/Dublin] Copy file 'jquery.event.move.js'
[19-Oct-2022 12:15:37 Europe/Dublin] Copy file 'jquery.event.swipe.js'
[19-Oct-2022 12:15:37 Europe/Dublin] Copy file 'jquery.mark.min.js'
[19-Oct-2022 12:15:37 Europe/Dublin] Copy file 'jquery.paligocode.js'
[19-Oct-2022 12:15:37 Europe/Dublin] Copy file 'jquery.smartmenus.js'
[19-Oct-2022 12:15:37 Europe/Dublin] Copy file 'jquery.sticky.js'
[19-Oct-2022 12:15:37 Europe/Dublin] Copy file 'lunr-single-lang.js'
[19-Oct-2022 12:15:37 Europe/Dublin] Copy file 'lunr.js'
[19-Oct-2022 12:15:37 Europe/Dublin] Copy file 'materialize.min.js'
[19-Oct-2022 12:15:37 Europe/Dublin] Copy file 'mspace.js'
[19-Oct-2022 12:15:37 Europe/Dublin] Copy file 'purl.js'
[19-Oct-2022 12:15:37 Europe/Dublin] Copy file 'respond.min.js'
[19-Oct-2022 12:15:37 Europe/Dublin] Copy file 'responsive-tables.js'
[19-Oct-2022 12:15:37 Europe/Dublin] Copy file 'rwd-table.min.js'
[19-Oct-2022 12:15:37 Europe/Dublin] Copy file 'script-api.js'
[19-Oct-2022 12:15:37 Europe/Dublin] Copy file 'script-revealjs-slides.js'
[19-Oct-2022 12:15:37 Europe/Dublin] Copy file 'script.js'
[19-Oct-2022 12:15:37 Europe/Dublin] Copy file 'search.js'
[19-Oct-2022 12:15:37 Europe/Dublin] Copy file 'updateurl.js'
[19-Oct-2022 12:15:37 Europe/Dublin] Filename: fonts/*
[19-Oct-2022 12:15:37 Europe/Dublin] Source directory: /var/www/ccms/application/lib/docbook/xsl/html5
[19-Oct-2022 12:15:37 Europe/Dublin] Target directory: /paligo/tmp/platform24/production-634fdc5220d1a7.57265013/4453-CL24_-_Quickguide_-_Appointment_handover-html5/out
[19-Oct-2022 12:15:37 Europe/Dublin] Copy file 'FontAwesome.otf'
[19-Oct-2022 12:15:37 Europe/Dublin] Copy file 'fontawesome-webfont.eot'
[19-Oct-2022 12:15:37 Europe/Dublin] Copy file 'fontawesome-webfont.svg'
[19-Oct-2022 12:15:37 Europe/Dublin] Copy file 'fontawesome-webfont.ttf'
[19-Oct-2022 12:15:37 Europe/Dublin] Copy file 'fontawesome-webfont.woff'
[19-Oct-2022 12:15:37 Europe/Dublin] Copy file 'fontawesome-webfont.woff2'
[19-Oct-2022 12:15:37 Europe/Dublin] Copy file 'glyphicons-halflings-regular.eot'
[19-Oct-2022 12:15:37 Europe/Dublin] Copy file 'glyphicons-halflings-regular.svg'
[19-Oct-2022 12:15:37 Europe/Dublin] Copy file 'glyphicons-halflings-regular.ttf'
[19-Oct-2022 12:15:37 Europe/Dublin] Copy file 'glyphicons-halflings-regular.woff'
[19-Oct-2022 12:15:37 Europe/Dublin] Copy file 'glyphicons-halflings-regular.woff2'
[19-Oct-2022 12:15:37 Europe/Dublin] Copy file 'roboto-v20-vietnamese_latin-ext_latin_greek-ext_greek_cyrillic-ext_cyrillic-300.eot'
[19-Oct-2022 12:15:37 Europe/Dublin] Copy file 'roboto-v20-vietnamese_latin-ext_latin_greek-ext_greek_cyrillic-ext_cyrillic-300.svg'
[19-Oct-2022 12:15:37 Europe/Dublin] Copy file 'roboto-v20-vietnamese_latin-ext_latin_greek-ext_greek_cyrillic-ext_cyrillic-300.ttf'
[19-Oct-2022 12:15:37 Europe/Dublin] Copy file 'roboto-v20-vietnamese_latin-ext_latin_greek-ext_greek_cyrillic-ext_cyrillic-300.woff'
[19-Oct-2022 12:15:37 Europe/Dublin] Copy file 'roboto-v20-vietnamese_latin-ext_latin_greek-ext_greek_cyrillic-ext_cyrillic-300.woff2'
[19-Oct-2022 12:15:37 Europe/Dublin] Copy file 'roboto-v20-vietnamese_latin-ext_latin_greek-ext_greek_cyrillic-ext_cyrillic-700.eot'
[19-Oct-2022 12:15:37 Europe/Dublin] Copy file 'roboto-v20-vietnamese_latin-ext_latin_greek-ext_greek_cyrillic-ext_cyrillic-700.svg'
[19-Oct-2022 12:15:37 Europe/Dublin] Copy file 'roboto-v20-vietnamese_latin-ext_latin_greek-ext_greek_cyrillic-ext_cyrillic-700.ttf'
[19-Oct-2022 12:15:37 Europe/Dublin] Copy file 'roboto-v20-vietnamese_latin-ext_latin_greek-ext_greek_cyrillic-ext_cyrillic-700.woff'
[19-Oct-2022 12:15:37 Europe/Dublin] Copy file 'roboto-v20-vietnamese_latin-ext_latin_greek-ext_greek_cyrillic-ext_cyrillic-700.woff2'
[19-Oct-2022 12:15:37 Europe/Dublin] Copy file 'roboto-v20-vietnamese_latin-ext_latin_greek-ext_greek_cyrillic-ext_cyrillic-regular.eot'
[19-Oct-2022 12:15:37 Europe/Dublin] Copy file 'roboto-v20-vietnamese_latin-ext_latin_greek-ext_greek_cyrillic-ext_cyrillic-regular.svg'
[19-Oct-2022 12:15:37 Europe/Dublin] Copy file 'roboto-v20-vietnamese_latin-ext_latin_greek-ext_greek_cyrillic-ext_cyrillic-regular.ttf'
[19-Oct-2022 12:15:37 Europe/Dublin] Copy file 'roboto-v20-vietnamese_latin-ext_latin_greek-ext_greek_cyrillic-ext_cyrillic-regular.woff'
[19-Oct-2022 12:15:37 Europe/Dublin] Copy file 'roboto-v20-vietnamese_latin-ext_latin_greek-ext_greek_cyrillic-ext_cyrillic-regular.woff2'
[19-Oct-2022 12:15:37 Europe/Dublin] Copy file '/var/www/ccms/application/lib/docbook/xsl/html5/css/image/corporate-logo-white.svg' to '/paligo/tmp/platform24/production-634fdc5220d1a7.57265013/4453-CL24_-_Quickguide_-_Appointment_handover-html5/out/css/image/corporate-logo.svg'
[19-Oct-2022 12:15:37 Europe/Dublin] Copy file '/var/www/ccms/application/lib/docbook/xsl/html5/css/image/corporate-logo-white.svg' to '/paligo/tmp/platform24/production-634fdc5220d1a7.57265013/4453-CL24_-_Quickguide_-_Appointment_handover-html5/out/css/image/portal-logo.svg'
[19-Oct-2022 12:15:37 Europe/Dublin] Post build HTML5
[19/Oct/2022 12:15:38 Europe/Dublin] [Info] Transformation: index-en.html -> toc-en.html [html5.toc.xsl]
[19/Oct/2022 12:15:38 Europe/Dublin] [Info] Transformation: preparation.html -> preparation.html [html5-2.page.xsl]
[19/Oct/2022 12:15:38 Europe/Dublin] [Info] Transformation: lämna-över-ett-pågående-besök.html -> lämna-över-ett-pågående-besök.html [html5-2.page.xsl]
[19/Oct/2022 12:15:38 Europe/Dublin] [Info] Transformation: ta-emot-en-överlämning-av-ett-pågående-besök.html -> ta-emot-en-överlämning-av-ett-pågående-besök.html [html5-2.page.xsl]
[19/Oct/2022 12:15:38 Europe/Dublin] [Info] Transformation: index-en.html -> index-en.html [html5-2.page.xsl]
[19/Oct/2022 12:15:38 Europe/Dublin] [Info] Generating index page.
[19/Oct/2022 12:15:38 Europe/Dublin] [Info] Transformation: index.manifest -> index.html [html5-2.index.xsl]
[19/Oct/2022 12:15:39 Europe/Dublin] [Info] # Took 8.025414 seconds to render.
