[18/Oct/2022 14:45:38 Europe/Dublin] [Info] ############################################################
[18/Oct/2022 14:45:38 Europe/Dublin] [Info] # Output Factory initiated (html5)
[18/Oct/2022 14:45:38 Europe/Dublin] [Info] # Building output for: Common - Contact details
[18/Oct/2022 14:45:38 Europe/Dublin] [Info] # URL /document/edit/9276
[18/Oct/2022 14:45:38 Europe/Dublin] [Info] # User: Helena Nilsson
[18/Oct/2022 14:45:38 Europe/Dublin] [Info] # Time: Tue, 18 Oct 2022 14:45:38 +0100
[18/Oct/2022 14:45:38 Europe/Dublin] [Info] # Server: aachen
[18/Oct/2022 14:45:38 Europe/Dublin] [Info] ############################################################
[18/Oct/2022 14:45:38 Europe/Dublin] [Info] Group: custom
[18/Oct/2022 14:45:38 Europe/Dublin] [Info] Type: html5
[18/Oct/2022 14:45:38 Europe/Dublin] [Info] Transformation: /var/www/ccms/usr/platform24/xsl/custom/layout-11858.xsl
[18/Oct/2022 14:45:39 Europe/Dublin] [Info] File found: /var/www/ccms/usr/platform24/xsl/custom/layout-11858.xsl
[18/Oct/2022 14:45:39 Europe/Dublin] [Info] ############################################################
[18/Oct/2022 14:45:39 Europe/Dublin] [Info] Building output for: html5
[18/Oct/2022 14:45:39 Europe/Dublin] [Info] Using stylesheet: /var/www/ccms/usr/platform24/xsl/custom/layout-11858.xsl
[18/Oct/2022 14:45:39 Europe/Dublin] [Info] Parameters for this build: (array) []
[18/Oct/2022 14:45:39 Europe/Dublin] [Info] Environment variables for this build: (array) {"mark.non.approved.translations":"1","lang.profiling":"1"}
[18/Oct/2022 14:45:39 Europe/Dublin] [Info] Building output for languages: (array) ["en"]
[18/Oct/2022 14:45:39 Europe/Dublin] [Info] Building multilang: no
[18/Oct/2022 14:45:39 Europe/Dublin] [Info] Building preview: no
[18/Oct/2022 14:45:39 Europe/Dublin] [Info] ############################################################
[18/Oct/2022 14:45:39 Europe/Dublin] [Info] Using build directory: /paligo/tmp/platform24/production-634eae01a09cc3.57754181/9276-Common_-_Contact_details-html5
[18/Oct/2022 14:45:40 Europe/Dublin] [Info] -- Generating source files
[18/Oct/2022 14:45:40 Europe/Dublin] [Info] -- Propagating taxonomies: false
[18/Oct/2022 14:45:40 Europe/Dublin] [Info] -- Source files have been generated
[18/Oct/2022 14:45:40 Europe/Dublin] [Info] -- Publication has no unresolved dependencies.
[18/Oct/2022 14:45:40 Europe/Dublin] [Info] -- Generating source files complete.
[18/Oct/2022 14:45:41 Europe/Dublin] [Info] Localizing: component-9276.xml
[18/Oct/2022 14:45:41 Europe/Dublin] [Info] Language: en
[18/Oct/2022 14:45:41 Europe/Dublin] [Info] Variable sets found: 0
[18/Oct/2022 14:45:42 Europe/Dublin] [Info] Inserting image links.
[18/Oct/2022 14:45:42 Europe/Dublin] [Info] Found 0 image(s).
[18/Oct/2022 14:45:43 Europe/Dublin] [Info] Profiling parameters: (array) []
[18/Oct/2022 14:45:43 Europe/Dublin] [Info] Profiling customisation: /var/www/ccms/usr/platform24/xsl/profile.xsl (not found)
[18/Oct/2022 14:45:43 Europe/Dublin] [Info] Transformation: component-9276--en.org.xml -> component-9276--en.xml [profile.xsl]
[18/Oct/2022 14:45:43 Europe/Dublin] [Info] Transformation: component-9276--en.xml -> component-9276--en.xml [internal-xref.xsl]
[18/Oct/2022 14:45:44 Europe/Dublin] [Info] Transformation: A-filelist.xml -> B-sorted.xml [IO.document.sortlang.xsl]
[18/Oct/2022 14:45:44 Europe/Dublin] [Info] Transformation: B-sorted.xml -> C-concatenated.xml [IO.document.concat.xsl]
[18/Oct/2022 14:45:44 Europe/Dublin] [Info] Transformation: B-sorted.xml -> index-en.xml [IO.document.head.xsl]
[18/Oct/2022 14:45:44 Europe/Dublin] [Info] Created copy: /var/www/ccms/usr/platform24/xsl/custom/layout-11858.xsl -> /var/www/ccms/usr/platform24/xsl/custom/634eae08539ca.xsl
[18/Oct/2022 14:45:44 Europe/Dublin] [Info] Created symlink: /var/www/ccms/application/lib/docbook/xsl/html5/html5.toc.xsl -> /var/www/ccms/usr/platform24/xsl/custom/634eae08539ca.toc.xsl
[18/Oct/2022 14:45:44 Europe/Dublin] [Info] Created symlink: /var/www/ccms/application/lib/docbook/xsl/html5/html5.page.xsl -> /var/www/ccms/usr/platform24/xsl/custom/634eae08539ca.page.xsl
[18/Oct/2022 14:45:44 Europe/Dublin] [Info] Created symlink: /var/www/ccms/application/lib/docbook/xsl/html5/html5.index.xsl -> /var/www/ccms/usr/platform24/xsl/custom/634eae08539ca.index.xsl
[18-Oct-2022 14:45:45 Europe/Dublin] Parsing manifest file: css/*, css/image/*, css/image/callouts/*, js/*, fonts/*
[18-Oct-2022 14:45:45 Europe/Dublin] Filename: css/*
[18-Oct-2022 14:45:45 Europe/Dublin] Source directory: /var/www/ccms/application/lib/docbook/xsl/html5
[18-Oct-2022 14:45:45 Europe/Dublin] Target directory: /paligo/tmp/platform24/production-634eae01a09cc3.57754181/9276-Common_-_Contact_details-html5/out
[18-Oct-2022 14:45:45 Europe/Dublin] Copy file 'bootstrap-3.0.2.min.css'
[18-Oct-2022 14:45:45 Europe/Dublin] Copy file 'bootstrap-theme-3.0.2.min.css'
[18-Oct-2022 14:45:45 Europe/Dublin] Copy file 'bootstrap-theme.min.css'
[18-Oct-2022 14:45:45 Europe/Dublin] Copy file 'bootstrap-theme.min.css.map'
[18-Oct-2022 14:45:45 Europe/Dublin] Copy file 'bootstrap.min.css'
[18-Oct-2022 14:45:45 Europe/Dublin] Copy file 'bootstrap.min.css.map'
[18-Oct-2022 14:45:45 Europe/Dublin] Copy file 'content-theme1.css'
[18-Oct-2022 14:45:45 Europe/Dublin] Copy file 'content-theme2.css'
[18-Oct-2022 14:45:45 Europe/Dublin] Copy file 'docbook.css'
[18-Oct-2022 14:45:45 Europe/Dublin] Copy file 'font-awesome.css'
[18-Oct-2022 14:45:45 Europe/Dublin] Copy file 'graphical-lists.css'
[18-Oct-2022 14:45:45 Europe/Dublin] Copy file 'html5.algoliasearch.css'
[18-Oct-2022 14:45:45 Europe/Dublin] Copy file 'html5.algoliasearchpage.css'
[18-Oct-2022 14:45:45 Europe/Dublin] Copy file 'mathml.css'
[18-Oct-2022 14:45:45 Europe/Dublin] Copy file 'roboto.font.css'
[18-Oct-2022 14:45:45 Europe/Dublin] Copy file 'rwd-table.min.css'
[18-Oct-2022 14:45:45 Europe/Dublin] Copy file 'sm-core-css.css'
[18-Oct-2022 14:45:45 Europe/Dublin] Copy file 'sm-simple.css'
[18-Oct-2022 14:45:45 Europe/Dublin] Copy file 'style-api-responsive.css'
[18-Oct-2022 14:45:45 Europe/Dublin] Copy file 'style-api.css'
[18-Oct-2022 14:45:45 Europe/Dublin] Copy file 'style-common.css'
[18-Oct-2022 14:45:45 Europe/Dublin] Copy file 'style-index-page.css'
[18-Oct-2022 14:45:45 Europe/Dublin] Copy file 'style-modern-tables.css'
[18-Oct-2022 14:45:45 Europe/Dublin] Copy file 'style-print.css'
[18-Oct-2022 14:45:45 Europe/Dublin] Copy file 'style-responsive.css'
[18-Oct-2022 14:45:45 Europe/Dublin] Copy file 'style-revealjs-slides.css'
[18-Oct-2022 14:45:45 Europe/Dublin] Copy file 'style-single-page.css'
[18-Oct-2022 14:45:45 Europe/Dublin] Copy file 'style.css'
[18-Oct-2022 14:45:45 Europe/Dublin] Copy file 'theme0.css'
[18-Oct-2022 14:45:45 Europe/Dublin] Copy file 'theme1-colors.css'
[18-Oct-2022 14:45:45 Europe/Dublin] Copy file 'theme1.css'
[18-Oct-2022 14:45:45 Europe/Dublin] Copy file 'theme2-colors.css'
[18-Oct-2022 14:45:45 Europe/Dublin] Copy file 'theme2.css'
[18-Oct-2022 14:45:45 Europe/Dublin] Copy file 'theme3-colors.css'
[18-Oct-2022 14:45:45 Europe/Dublin] Copy file 'theme3.css'
[18-Oct-2022 14:45:45 Europe/Dublin] Copy file 'theme3b-colors.css'
[18-Oct-2022 14:45:45 Europe/Dublin] Copy file 'theme3b.css'
[18-Oct-2022 14:45:45 Europe/Dublin] Copy file 'theme3c-colors.css'
[18-Oct-2022 14:45:45 Europe/Dublin] Copy file 'theme3c.css'
[18-Oct-2022 14:45:45 Europe/Dublin] Copy file 'theme3d-colors.css'
[18-Oct-2022 14:45:45 Europe/Dublin] Copy file 'theme3d.css'
[18-Oct-2022 14:45:45 Europe/Dublin] Copy file 'wcag.css'
[18-Oct-2022 14:45:45 Europe/Dublin] Filename: css/image/*
[18-Oct-2022 14:45:45 Europe/Dublin] Source directory: /var/www/ccms/application/lib/docbook/xsl/html5
[18-Oct-2022 14:45:45 Europe/Dublin] Target directory: /paligo/tmp/platform24/production-634eae01a09cc3.57754181/9276-Common_-_Contact_details-html5/out
[18-Oct-2022 14:45:45 Europe/Dublin] Copy file 'breadcrumb-seperator.png'
[18-Oct-2022 14:45:45 Europe/Dublin] Copy file 'caution.png'
[18-Oct-2022 14:45:45 Europe/Dublin] Copy file 'corporate-logo-blue-inverted.svg'
[18-Oct-2022 14:45:45 Europe/Dublin] Copy file 'corporate-logo-blue.svg'
[18-Oct-2022 14:45:45 Europe/Dublin] Copy file 'corporate-logo-white.png'
[18-Oct-2022 14:45:45 Europe/Dublin] Copy file 'corporate-logo-white.svg'
[18-Oct-2022 14:45:45 Europe/Dublin] Copy file 'corporate-logo.png'
[18-Oct-2022 14:45:45 Europe/Dublin] Copy file 'corporate-logo.svg'
[18-Oct-2022 14:45:45 Europe/Dublin] Copy file 'important.png'
[18-Oct-2022 14:45:45 Europe/Dublin] Copy file 'note.png'
[18-Oct-2022 14:45:45 Europe/Dublin] Copy file 'portal1-bg.jpg'
[18-Oct-2022 14:45:45 Europe/Dublin] Copy file 'portal2a-bg.jpg'
[18-Oct-2022 14:45:45 Europe/Dublin] Copy file 'portal2b-bg.jpg'
[18-Oct-2022 14:45:45 Europe/Dublin] Copy file 'portal2c-bg.jpg'
[18-Oct-2022 14:45:45 Europe/Dublin] Copy file 'subheader-bg.png'
[18-Oct-2022 14:45:45 Europe/Dublin] Copy file 'warning.png'
[18-Oct-2022 14:45:45 Europe/Dublin] Filename: css/image/callouts/*
[18-Oct-2022 14:45:45 Europe/Dublin] Source directory: /var/www/ccms/application/lib/docbook/xsl/html5
[18-Oct-2022 14:45:45 Europe/Dublin] Target directory: /paligo/tmp/platform24/production-634eae01a09cc3.57754181/9276-Common_-_Contact_details-html5/out
[18-Oct-2022 14:45:45 Europe/Dublin] Copy file '1.gif'
[18-Oct-2022 14:45:45 Europe/Dublin] Copy file '1.png'
[18-Oct-2022 14:45:45 Europe/Dublin] Copy file '1.svg'
[18-Oct-2022 14:45:45 Europe/Dublin] Copy file '10.gif'
[18-Oct-2022 14:45:45 Europe/Dublin] Copy file '10.png'
[18-Oct-2022 14:45:45 Europe/Dublin] Copy file '10.svg'
[18-Oct-2022 14:45:45 Europe/Dublin] Copy file '11.gif'
[18-Oct-2022 14:45:45 Europe/Dublin] Copy file '11.png'
[18-Oct-2022 14:45:45 Europe/Dublin] Copy file '11.svg'
[18-Oct-2022 14:45:45 Europe/Dublin] Copy file '12.gif'
[18-Oct-2022 14:45:45 Europe/Dublin] Copy file '12.png'
[18-Oct-2022 14:45:45 Europe/Dublin] Copy file '12.svg'
[18-Oct-2022 14:45:45 Europe/Dublin] Copy file '13.gif'
[18-Oct-2022 14:45:45 Europe/Dublin] Copy file '13.png'
[18-Oct-2022 14:45:45 Europe/Dublin] Copy file '13.svg'
[18-Oct-2022 14:45:45 Europe/Dublin] Copy file '14.gif'
[18-Oct-2022 14:45:45 Europe/Dublin] Copy file '14.png'
[18-Oct-2022 14:45:45 Europe/Dublin] Copy file '14.svg'
[18-Oct-2022 14:45:45 Europe/Dublin] Copy file '15.gif'
[18-Oct-2022 14:45:45 Europe/Dublin] Copy file '15.png'
[18-Oct-2022 14:45:45 Europe/Dublin] Copy file '15.svg'
[18-Oct-2022 14:45:45 Europe/Dublin] Copy file '16.svg'
[18-Oct-2022 14:45:45 Europe/Dublin] Copy file '17.svg'
[18-Oct-2022 14:45:45 Europe/Dublin] Copy file '18.svg'
[18-Oct-2022 14:45:45 Europe/Dublin] Copy file '19.svg'
[18-Oct-2022 14:45:45 Europe/Dublin] Copy file '2.gif'
[18-Oct-2022 14:45:45 Europe/Dublin] Copy file '2.png'
[18-Oct-2022 14:45:45 Europe/Dublin] Copy file '2.svg'
[18-Oct-2022 14:45:45 Europe/Dublin] Copy file '20.svg'
[18-Oct-2022 14:45:45 Europe/Dublin] Copy file '21.svg'
[18-Oct-2022 14:45:45 Europe/Dublin] Copy file '22.svg'
[18-Oct-2022 14:45:45 Europe/Dublin] Copy file '23.svg'
[18-Oct-2022 14:45:45 Europe/Dublin] Copy file '24.svg'
[18-Oct-2022 14:45:45 Europe/Dublin] Copy file '25.svg'
[18-Oct-2022 14:45:45 Europe/Dublin] Copy file '26.svg'
[18-Oct-2022 14:45:45 Europe/Dublin] Copy file '27.svg'
[18-Oct-2022 14:45:45 Europe/Dublin] Copy file '28.svg'
[18-Oct-2022 14:45:45 Europe/Dublin] Copy file '29.svg'
[18-Oct-2022 14:45:45 Europe/Dublin] Copy file '3.gif'
[18-Oct-2022 14:45:45 Europe/Dublin] Copy file '3.png'
[18-Oct-2022 14:45:45 Europe/Dublin] Copy file '3.svg'
[18-Oct-2022 14:45:45 Europe/Dublin] Copy file '30.svg'
[18-Oct-2022 14:45:45 Europe/Dublin] Copy file '4.gif'
[18-Oct-2022 14:45:45 Europe/Dublin] Copy file '4.png'
[18-Oct-2022 14:45:45 Europe/Dublin] Copy file '4.svg'
[18-Oct-2022 14:45:45 Europe/Dublin] Copy file '5.gif'
[18-Oct-2022 14:45:45 Europe/Dublin] Copy file '5.png'
[18-Oct-2022 14:45:45 Europe/Dublin] Copy file '5.svg'
[18-Oct-2022 14:45:45 Europe/Dublin] Copy file '6.gif'
[18-Oct-2022 14:45:45 Europe/Dublin] Copy file '6.png'
[18-Oct-2022 14:45:45 Europe/Dublin] Copy file '6.svg'
[18-Oct-2022 14:45:45 Europe/Dublin] Copy file '7.gif'
[18-Oct-2022 14:45:45 Europe/Dublin] Copy file '7.png'
[18-Oct-2022 14:45:45 Europe/Dublin] Copy file '7.svg'
[18-Oct-2022 14:45:45 Europe/Dublin] Copy file '8.gif'
[18-Oct-2022 14:45:45 Europe/Dublin] Copy file '8.png'
[18-Oct-2022 14:45:45 Europe/Dublin] Copy file '8.svg'
[18-Oct-2022 14:45:45 Europe/Dublin] Copy file '9.gif'
[18-Oct-2022 14:45:45 Europe/Dublin] Copy file '9.png'
[18-Oct-2022 14:45:45 Europe/Dublin] Copy file '9.svg'
[18-Oct-2022 14:45:45 Europe/Dublin] Filename: js/*
[18-Oct-2022 14:45:45 Europe/Dublin] Source directory: /var/www/ccms/application/lib/docbook/xsl/html5
[18-Oct-2022 14:45:45 Europe/Dublin] Target directory: /paligo/tmp/platform24/production-634eae01a09cc3.57754181/9276-Common_-_Contact_details-html5/out
[18-Oct-2022 14:45:45 Europe/Dublin] Copy file 'ajax-loading.js'
[18-Oct-2022 14:45:45 Europe/Dublin] Copy file 'anchorlinks.js'
[18-Oct-2022 14:45:45 Europe/Dublin] Copy file 'bootstrap.min.js'
[18-Oct-2022 14:45:45 Europe/Dublin] Copy file 'checklist.js'
[18-Oct-2022 14:45:45 Europe/Dublin] Copy file 'clipboard.min.js'
[18-Oct-2022 14:45:45 Europe/Dublin] Copy file 'cookie-consent.js'
[18-Oct-2022 14:45:45 Europe/Dublin] Copy file 'create-toc.js'
[18-Oct-2022 14:45:45 Europe/Dublin] Copy file 'csh.js'
[18-Oct-2022 14:45:45 Europe/Dublin] Copy file 'fuse.min.js'
[18-Oct-2022 14:45:45 Europe/Dublin] Copy file 'hilitor.js'
[18-Oct-2022 14:45:45 Europe/Dublin] Copy file 'html5-2-ajax-hp.js'
[18-Oct-2022 14:45:45 Europe/Dublin] Copy file 'html5-2-ajax.js'
[18-Oct-2022 14:45:45 Europe/Dublin] Copy file 'html5-2-mp-common.js'
[18-Oct-2022 14:45:45 Europe/Dublin] Copy file 'html5-2-portal.js'
[18-Oct-2022 14:45:45 Europe/Dublin] Copy file 'html5-2.js'
[18-Oct-2022 14:45:45 Europe/Dublin] Copy file 'html5.algoliasearch.js'
[18-Oct-2022 14:45:45 Europe/Dublin] Copy file 'html5.algoliasearchpage.js'
[18-Oct-2022 14:45:45 Europe/Dublin] Copy file 'html5.fuse.search.js'
[18-Oct-2022 14:45:45 Europe/Dublin] Copy file 'jquery-1.10.2.min.js'
[18-Oct-2022 14:45:45 Europe/Dublin] Copy file 'jquery-1.10.2.min.map'
[18-Oct-2022 14:45:45 Europe/Dublin] Copy file 'jquery-migrate-3.0.1.min.js'
[18-Oct-2022 14:45:45 Europe/Dublin] Copy file 'jquery-ui-1.10.3.custom.min.js'
[18-Oct-2022 14:45:45 Europe/Dublin] Copy file 'jquery.event.move.js'
[18-Oct-2022 14:45:45 Europe/Dublin] Copy file 'jquery.event.swipe.js'
[18-Oct-2022 14:45:45 Europe/Dublin] Copy file 'jquery.mark.min.js'
[18-Oct-2022 14:45:45 Europe/Dublin] Copy file 'jquery.paligocode.js'
[18-Oct-2022 14:45:45 Europe/Dublin] Copy file 'jquery.smartmenus.js'
[18-Oct-2022 14:45:45 Europe/Dublin] Copy file 'jquery.sticky.js'
[18-Oct-2022 14:45:45 Europe/Dublin] Copy file 'lunr-single-lang.js'
[18-Oct-2022 14:45:45 Europe/Dublin] Copy file 'lunr.js'
[18-Oct-2022 14:45:45 Europe/Dublin] Copy file 'materialize.min.js'
[18-Oct-2022 14:45:45 Europe/Dublin] Copy file 'mspace.js'
[18-Oct-2022 14:45:45 Europe/Dublin] Copy file 'purl.js'
[18-Oct-2022 14:45:45 Europe/Dublin] Copy file 'respond.min.js'
[18-Oct-2022 14:45:45 Europe/Dublin] Copy file 'responsive-tables.js'
[18-Oct-2022 14:45:45 Europe/Dublin] Copy file 'rwd-table.min.js'
[18-Oct-2022 14:45:45 Europe/Dublin] Copy file 'script-api.js'
[18-Oct-2022 14:45:45 Europe/Dublin] Copy file 'script-revealjs-slides.js'
[18-Oct-2022 14:45:45 Europe/Dublin] Copy file 'script.js'
[18-Oct-2022 14:45:45 Europe/Dublin] Copy file 'search.js'
[18-Oct-2022 14:45:45 Europe/Dublin] Copy file 'updateurl.js'
[18-Oct-2022 14:45:45 Europe/Dublin] Filename: fonts/*
[18-Oct-2022 14:45:45 Europe/Dublin] Source directory: /var/www/ccms/application/lib/docbook/xsl/html5
[18-Oct-2022 14:45:45 Europe/Dublin] Target directory: /paligo/tmp/platform24/production-634eae01a09cc3.57754181/9276-Common_-_Contact_details-html5/out
[18-Oct-2022 14:45:45 Europe/Dublin] Copy file 'FontAwesome.otf'
[18-Oct-2022 14:45:45 Europe/Dublin] Copy file 'fontawesome-webfont.eot'
[18-Oct-2022 14:45:45 Europe/Dublin] Copy file 'fontawesome-webfont.svg'
[18-Oct-2022 14:45:45 Europe/Dublin] Copy file 'fontawesome-webfont.ttf'
[18-Oct-2022 14:45:45 Europe/Dublin] Copy file 'fontawesome-webfont.woff'
[18-Oct-2022 14:45:45 Europe/Dublin] Copy file 'fontawesome-webfont.woff2'
[18-Oct-2022 14:45:45 Europe/Dublin] Copy file 'glyphicons-halflings-regular.eot'
[18-Oct-2022 14:45:45 Europe/Dublin] Copy file 'glyphicons-halflings-regular.svg'
[18-Oct-2022 14:45:45 Europe/Dublin] Copy file 'glyphicons-halflings-regular.ttf'
[18-Oct-2022 14:45:45 Europe/Dublin] Copy file 'glyphicons-halflings-regular.woff'
[18-Oct-2022 14:45:45 Europe/Dublin] Copy file 'glyphicons-halflings-regular.woff2'
[18-Oct-2022 14:45:45 Europe/Dublin] Copy file 'roboto-v20-vietnamese_latin-ext_latin_greek-ext_greek_cyrillic-ext_cyrillic-300.eot'
[18-Oct-2022 14:45:45 Europe/Dublin] Copy file 'roboto-v20-vietnamese_latin-ext_latin_greek-ext_greek_cyrillic-ext_cyrillic-300.svg'
[18-Oct-2022 14:45:45 Europe/Dublin] Copy file 'roboto-v20-vietnamese_latin-ext_latin_greek-ext_greek_cyrillic-ext_cyrillic-300.ttf'
[18-Oct-2022 14:45:45 Europe/Dublin] Copy file 'roboto-v20-vietnamese_latin-ext_latin_greek-ext_greek_cyrillic-ext_cyrillic-300.woff'
[18-Oct-2022 14:45:45 Europe/Dublin] Copy file 'roboto-v20-vietnamese_latin-ext_latin_greek-ext_greek_cyrillic-ext_cyrillic-300.woff2'
[18-Oct-2022 14:45:45 Europe/Dublin] Copy file 'roboto-v20-vietnamese_latin-ext_latin_greek-ext_greek_cyrillic-ext_cyrillic-700.eot'
[18-Oct-2022 14:45:45 Europe/Dublin] Copy file 'roboto-v20-vietnamese_latin-ext_latin_greek-ext_greek_cyrillic-ext_cyrillic-700.svg'
[18-Oct-2022 14:45:45 Europe/Dublin] Copy file 'roboto-v20-vietnamese_latin-ext_latin_greek-ext_greek_cyrillic-ext_cyrillic-700.ttf'
[18-Oct-2022 14:45:45 Europe/Dublin] Copy file 'roboto-v20-vietnamese_latin-ext_latin_greek-ext_greek_cyrillic-ext_cyrillic-700.woff'
[18-Oct-2022 14:45:45 Europe/Dublin] Copy file 'roboto-v20-vietnamese_latin-ext_latin_greek-ext_greek_cyrillic-ext_cyrillic-700.woff2'
[18-Oct-2022 14:45:45 Europe/Dublin] Copy file 'roboto-v20-vietnamese_latin-ext_latin_greek-ext_greek_cyrillic-ext_cyrillic-regular.eot'
[18-Oct-2022 14:45:45 Europe/Dublin] Copy file 'roboto-v20-vietnamese_latin-ext_latin_greek-ext_greek_cyrillic-ext_cyrillic-regular.svg'
[18-Oct-2022 14:45:45 Europe/Dublin] Copy file 'roboto-v20-vietnamese_latin-ext_latin_greek-ext_greek_cyrillic-ext_cyrillic-regular.ttf'
[18-Oct-2022 14:45:45 Europe/Dublin] Copy file 'roboto-v20-vietnamese_latin-ext_latin_greek-ext_greek_cyrillic-ext_cyrillic-regular.woff'
[18-Oct-2022 14:45:45 Europe/Dublin] Copy file 'roboto-v20-vietnamese_latin-ext_latin_greek-ext_greek_cyrillic-ext_cyrillic-regular.woff2'
[18-Oct-2022 14:45:45 Europe/Dublin] Parsing manifest file: css/*, css/image/*, css/image/callouts/*, js/*, fonts/*
[18-Oct-2022 14:45:45 Europe/Dublin] Filename: css/*
[18-Oct-2022 14:45:45 Europe/Dublin] Source directory: /var/www/ccms/application/lib/docbook/xsl/html5
[18-Oct-2022 14:45:45 Europe/Dublin] Target directory: /paligo/tmp/platform24/production-634eae01a09cc3.57754181/9276-Common_-_Contact_details-html5/out
[18-Oct-2022 14:45:45 Europe/Dublin] Copy file 'bootstrap-3.0.2.min.css'
[18-Oct-2022 14:45:45 Europe/Dublin] Copy file 'bootstrap-theme-3.0.2.min.css'
[18-Oct-2022 14:45:45 Europe/Dublin] Copy file 'bootstrap-theme.min.css'
[18-Oct-2022 14:45:45 Europe/Dublin] Copy file 'bootstrap-theme.min.css.map'
[18-Oct-2022 14:45:45 Europe/Dublin] Copy file 'bootstrap.min.css'
[18-Oct-2022 14:45:45 Europe/Dublin] Copy file 'bootstrap.min.css.map'
[18-Oct-2022 14:45:45 Europe/Dublin] Copy file 'content-theme1.css'
[18-Oct-2022 14:45:45 Europe/Dublin] Copy file 'content-theme2.css'
[18-Oct-2022 14:45:45 Europe/Dublin] Copy file 'docbook.css'
[18-Oct-2022 14:45:45 Europe/Dublin] Copy file 'font-awesome.css'
[18-Oct-2022 14:45:45 Europe/Dublin] Copy file 'graphical-lists.css'
[18-Oct-2022 14:45:45 Europe/Dublin] Copy file 'html5.algoliasearch.css'
[18-Oct-2022 14:45:45 Europe/Dublin] Copy file 'html5.algoliasearchpage.css'
[18-Oct-2022 14:45:45 Europe/Dublin] Copy file 'mathml.css'
[18-Oct-2022 14:45:45 Europe/Dublin] Copy file 'roboto.font.css'
[18-Oct-2022 14:45:45 Europe/Dublin] Copy file 'rwd-table.min.css'
[18-Oct-2022 14:45:45 Europe/Dublin] Copy file 'sm-core-css.css'
[18-Oct-2022 14:45:45 Europe/Dublin] Copy file 'sm-simple.css'
[18-Oct-2022 14:45:45 Europe/Dublin] Copy file 'style-api-responsive.css'
[18-Oct-2022 14:45:45 Europe/Dublin] Copy file 'style-api.css'
[18-Oct-2022 14:45:45 Europe/Dublin] Copy file 'style-common.css'
[18-Oct-2022 14:45:45 Europe/Dublin] Copy file 'style-index-page.css'
[18-Oct-2022 14:45:45 Europe/Dublin] Copy file 'style-modern-tables.css'
[18-Oct-2022 14:45:45 Europe/Dublin] Copy file 'style-print.css'
[18-Oct-2022 14:45:45 Europe/Dublin] Copy file 'style-responsive.css'
[18-Oct-2022 14:45:45 Europe/Dublin] Copy file 'style-revealjs-slides.css'
[18-Oct-2022 14:45:45 Europe/Dublin] Copy file 'style-single-page.css'
[18-Oct-2022 14:45:45 Europe/Dublin] Copy file 'style.css'
[18-Oct-2022 14:45:45 Europe/Dublin] Copy file 'theme0.css'
[18-Oct-2022 14:45:45 Europe/Dublin] Copy file 'theme1-colors.css'
[18-Oct-2022 14:45:45 Europe/Dublin] Copy file 'theme1.css'
[18-Oct-2022 14:45:45 Europe/Dublin] Copy file 'theme2-colors.css'
[18-Oct-2022 14:45:45 Europe/Dublin] Copy file 'theme2.css'
[18-Oct-2022 14:45:45 Europe/Dublin] Copy file 'theme3-colors.css'
[18-Oct-2022 14:45:45 Europe/Dublin] Copy file 'theme3.css'
[18-Oct-2022 14:45:45 Europe/Dublin] Copy file 'theme3b-colors.css'
[18-Oct-2022 14:45:45 Europe/Dublin] Copy file 'theme3b.css'
[18-Oct-2022 14:45:45 Europe/Dublin] Copy file 'theme3c-colors.css'
[18-Oct-2022 14:45:45 Europe/Dublin] Copy file 'theme3c.css'
[18-Oct-2022 14:45:45 Europe/Dublin] Copy file 'theme3d-colors.css'
[18-Oct-2022 14:45:45 Europe/Dublin] Copy file 'theme3d.css'
[18-Oct-2022 14:45:45 Europe/Dublin] Copy file 'wcag.css'
[18-Oct-2022 14:45:45 Europe/Dublin] Filename: css/image/*
[18-Oct-2022 14:45:45 Europe/Dublin] Source directory: /var/www/ccms/application/lib/docbook/xsl/html5
[18-Oct-2022 14:45:45 Europe/Dublin] Target directory: /paligo/tmp/platform24/production-634eae01a09cc3.57754181/9276-Common_-_Contact_details-html5/out
[18-Oct-2022 14:45:45 Europe/Dublin] Copy file 'breadcrumb-seperator.png'
[18-Oct-2022 14:45:45 Europe/Dublin] Copy file 'caution.png'
[18-Oct-2022 14:45:45 Europe/Dublin] Copy file 'corporate-logo-blue-inverted.svg'
[18-Oct-2022 14:45:45 Europe/Dublin] Copy file 'corporate-logo-blue.svg'
[18-Oct-2022 14:45:45 Europe/Dublin] Copy file 'corporate-logo-white.png'
[18-Oct-2022 14:45:45 Europe/Dublin] Copy file 'corporate-logo-white.svg'
[18-Oct-2022 14:45:45 Europe/Dublin] Copy file 'corporate-logo.png'
[18-Oct-2022 14:45:45 Europe/Dublin] Copy file 'corporate-logo.svg'
[18-Oct-2022 14:45:45 Europe/Dublin] Copy file 'important.png'
[18-Oct-2022 14:45:45 Europe/Dublin] Copy file 'note.png'
[18-Oct-2022 14:45:45 Europe/Dublin] Copy file 'portal1-bg.jpg'
[18-Oct-2022 14:45:45 Europe/Dublin] Copy file 'portal2a-bg.jpg'
[18-Oct-2022 14:45:45 Europe/Dublin] Copy file 'portal2b-bg.jpg'
[18-Oct-2022 14:45:45 Europe/Dublin] Copy file 'portal2c-bg.jpg'
[18-Oct-2022 14:45:45 Europe/Dublin] Copy file 'subheader-bg.png'
[18-Oct-2022 14:45:45 Europe/Dublin] Copy file 'warning.png'
[18-Oct-2022 14:45:45 Europe/Dublin] Filename: css/image/callouts/*
[18-Oct-2022 14:45:45 Europe/Dublin] Source directory: /var/www/ccms/application/lib/docbook/xsl/html5
[18-Oct-2022 14:45:45 Europe/Dublin] Target directory: /paligo/tmp/platform24/production-634eae01a09cc3.57754181/9276-Common_-_Contact_details-html5/out
[18-Oct-2022 14:45:45 Europe/Dublin] Copy file '1.gif'
[18-Oct-2022 14:45:45 Europe/Dublin] Copy file '1.png'
[18-Oct-2022 14:45:45 Europe/Dublin] Copy file '1.svg'
[18-Oct-2022 14:45:45 Europe/Dublin] Copy file '10.gif'
[18-Oct-2022 14:45:45 Europe/Dublin] Copy file '10.png'
[18-Oct-2022 14:45:45 Europe/Dublin] Copy file '10.svg'
[18-Oct-2022 14:45:45 Europe/Dublin] Copy file '11.gif'
[18-Oct-2022 14:45:45 Europe/Dublin] Copy file '11.png'
[18-Oct-2022 14:45:45 Europe/Dublin] Copy file '11.svg'
[18-Oct-2022 14:45:45 Europe/Dublin] Copy file '12.gif'
[18-Oct-2022 14:45:45 Europe/Dublin] Copy file '12.png'
[18-Oct-2022 14:45:45 Europe/Dublin] Copy file '12.svg'
[18-Oct-2022 14:45:45 Europe/Dublin] Copy file '13.gif'
[18-Oct-2022 14:45:45 Europe/Dublin] Copy file '13.png'
[18-Oct-2022 14:45:45 Europe/Dublin] Copy file '13.svg'
[18-Oct-2022 14:45:45 Europe/Dublin] Copy file '14.gif'
[18-Oct-2022 14:45:45 Europe/Dublin] Copy file '14.png'
[18-Oct-2022 14:45:45 Europe/Dublin] Copy file '14.svg'
[18-Oct-2022 14:45:45 Europe/Dublin] Copy file '15.gif'
[18-Oct-2022 14:45:45 Europe/Dublin] Copy file '15.png'
[18-Oct-2022 14:45:45 Europe/Dublin] Copy file '15.svg'
[18-Oct-2022 14:45:45 Europe/Dublin] Copy file '16.svg'
[18-Oct-2022 14:45:45 Europe/Dublin] Copy file '17.svg'
[18-Oct-2022 14:45:45 Europe/Dublin] Copy file '18.svg'
[18-Oct-2022 14:45:45 Europe/Dublin] Copy file '19.svg'
[18-Oct-2022 14:45:45 Europe/Dublin] Copy file '2.gif'
[18-Oct-2022 14:45:45 Europe/Dublin] Copy file '2.png'
[18-Oct-2022 14:45:45 Europe/Dublin] Copy file '2.svg'
[18-Oct-2022 14:45:45 Europe/Dublin] Copy file '20.svg'
[18-Oct-2022 14:45:45 Europe/Dublin] Copy file '21.svg'
[18-Oct-2022 14:45:45 Europe/Dublin] Copy file '22.svg'
[18-Oct-2022 14:45:45 Europe/Dublin] Copy file '23.svg'
[18-Oct-2022 14:45:45 Europe/Dublin] Copy file '24.svg'
[18-Oct-2022 14:45:45 Europe/Dublin] Copy file '25.svg'
[18-Oct-2022 14:45:45 Europe/Dublin] Copy file '26.svg'
[18-Oct-2022 14:45:45 Europe/Dublin] Copy file '27.svg'
[18-Oct-2022 14:45:45 Europe/Dublin] Copy file '28.svg'
[18-Oct-2022 14:45:45 Europe/Dublin] Copy file '29.svg'
[18-Oct-2022 14:45:45 Europe/Dublin] Copy file '3.gif'
[18-Oct-2022 14:45:45 Europe/Dublin] Copy file '3.png'
[18-Oct-2022 14:45:45 Europe/Dublin] Copy file '3.svg'
[18-Oct-2022 14:45:45 Europe/Dublin] Copy file '30.svg'
[18-Oct-2022 14:45:45 Europe/Dublin] Copy file '4.gif'
[18-Oct-2022 14:45:45 Europe/Dublin] Copy file '4.png'
[18-Oct-2022 14:45:45 Europe/Dublin] Copy file '4.svg'
[18-Oct-2022 14:45:45 Europe/Dublin] Copy file '5.gif'
[18-Oct-2022 14:45:45 Europe/Dublin] Copy file '5.png'
[18-Oct-2022 14:45:45 Europe/Dublin] Copy file '5.svg'
[18-Oct-2022 14:45:45 Europe/Dublin] Copy file '6.gif'
[18-Oct-2022 14:45:45 Europe/Dublin] Copy file '6.png'
[18-Oct-2022 14:45:45 Europe/Dublin] Copy file '6.svg'
[18-Oct-2022 14:45:45 Europe/Dublin] Copy file '7.gif'
[18-Oct-2022 14:45:45 Europe/Dublin] Copy file '7.png'
[18-Oct-2022 14:45:45 Europe/Dublin] Copy file '7.svg'
[18-Oct-2022 14:45:45 Europe/Dublin] Copy file '8.gif'
[18-Oct-2022 14:45:45 Europe/Dublin] Copy file '8.png'
[18-Oct-2022 14:45:45 Europe/Dublin] Copy file '8.svg'
[18-Oct-2022 14:45:45 Europe/Dublin] Copy file '9.gif'
[18-Oct-2022 14:45:45 Europe/Dublin] Copy file '9.png'
[18-Oct-2022 14:45:45 Europe/Dublin] Copy file '9.svg'
[18-Oct-2022 14:45:45 Europe/Dublin] Filename: js/*
[18-Oct-2022 14:45:45 Europe/Dublin] Source directory: /var/www/ccms/application/lib/docbook/xsl/html5
[18-Oct-2022 14:45:45 Europe/Dublin] Target directory: /paligo/tmp/platform24/production-634eae01a09cc3.57754181/9276-Common_-_Contact_details-html5/out
[18-Oct-2022 14:45:45 Europe/Dublin] Copy file 'ajax-loading.js'
[18-Oct-2022 14:45:45 Europe/Dublin] Copy file 'anchorlinks.js'
[18-Oct-2022 14:45:45 Europe/Dublin] Copy file 'bootstrap.min.js'
[18-Oct-2022 14:45:45 Europe/Dublin] Copy file 'checklist.js'
[18-Oct-2022 14:45:45 Europe/Dublin] Copy file 'clipboard.min.js'
[18-Oct-2022 14:45:45 Europe/Dublin] Copy file 'cookie-consent.js'
[18-Oct-2022 14:45:45 Europe/Dublin] Copy file 'create-toc.js'
[18-Oct-2022 14:45:45 Europe/Dublin] Copy file 'csh.js'
[18-Oct-2022 14:45:45 Europe/Dublin] Copy file 'fuse.min.js'
[18-Oct-2022 14:45:45 Europe/Dublin] Copy file 'hilitor.js'
[18-Oct-2022 14:45:45 Europe/Dublin] Copy file 'html5-2-ajax-hp.js'
[18-Oct-2022 14:45:45 Europe/Dublin] Copy file 'html5-2-ajax.js'
[18-Oct-2022 14:45:45 Europe/Dublin] Copy file 'html5-2-mp-common.js'
[18-Oct-2022 14:45:45 Europe/Dublin] Copy file 'html5-2-portal.js'
[18-Oct-2022 14:45:45 Europe/Dublin] Copy file 'html5-2.js'
[18-Oct-2022 14:45:45 Europe/Dublin] Copy file 'html5.algoliasearch.js'
[18-Oct-2022 14:45:45 Europe/Dublin] Copy file 'html5.algoliasearchpage.js'
[18-Oct-2022 14:45:45 Europe/Dublin] Copy file 'html5.fuse.search.js'
[18-Oct-2022 14:45:45 Europe/Dublin] Copy file 'jquery-1.10.2.min.js'
[18-Oct-2022 14:45:45 Europe/Dublin] Copy file 'jquery-1.10.2.min.map'
[18-Oct-2022 14:45:45 Europe/Dublin] Copy file 'jquery-migrate-3.0.1.min.js'
[18-Oct-2022 14:45:45 Europe/Dublin] Copy file 'jquery-ui-1.10.3.custom.min.js'
[18-Oct-2022 14:45:45 Europe/Dublin] Copy file 'jquery.event.move.js'
[18-Oct-2022 14:45:45 Europe/Dublin] Copy file 'jquery.event.swipe.js'
[18-Oct-2022 14:45:45 Europe/Dublin] Copy file 'jquery.mark.min.js'
[18-Oct-2022 14:45:45 Europe/Dublin] Copy file 'jquery.paligocode.js'
[18-Oct-2022 14:45:45 Europe/Dublin] Copy file 'jquery.smartmenus.js'
[18-Oct-2022 14:45:45 Europe/Dublin] Copy file 'jquery.sticky.js'
[18-Oct-2022 14:45:45 Europe/Dublin] Copy file 'lunr-single-lang.js'
[18-Oct-2022 14:45:45 Europe/Dublin] Copy file 'lunr.js'
[18-Oct-2022 14:45:45 Europe/Dublin] Copy file 'materialize.min.js'
[18-Oct-2022 14:45:45 Europe/Dublin] Copy file 'mspace.js'
[18-Oct-2022 14:45:45 Europe/Dublin] Copy file 'purl.js'
[18-Oct-2022 14:45:45 Europe/Dublin] Copy file 'respond.min.js'
[18-Oct-2022 14:45:45 Europe/Dublin] Copy file 'responsive-tables.js'
[18-Oct-2022 14:45:45 Europe/Dublin] Copy file 'rwd-table.min.js'
[18-Oct-2022 14:45:45 Europe/Dublin] Copy file 'script-api.js'
[18-Oct-2022 14:45:45 Europe/Dublin] Copy file 'script-revealjs-slides.js'
[18-Oct-2022 14:45:45 Europe/Dublin] Copy file 'script.js'
[18-Oct-2022 14:45:45 Europe/Dublin] Copy file 'search.js'
[18-Oct-2022 14:45:45 Europe/Dublin] Copy file 'updateurl.js'
[18-Oct-2022 14:45:45 Europe/Dublin] Filename: fonts/*
[18-Oct-2022 14:45:45 Europe/Dublin] Source directory: /var/www/ccms/application/lib/docbook/xsl/html5
[18-Oct-2022 14:45:45 Europe/Dublin] Target directory: /paligo/tmp/platform24/production-634eae01a09cc3.57754181/9276-Common_-_Contact_details-html5/out
[18-Oct-2022 14:45:45 Europe/Dublin] Copy file 'FontAwesome.otf'
[18-Oct-2022 14:45:45 Europe/Dublin] Copy file 'fontawesome-webfont.eot'
[18-Oct-2022 14:45:45 Europe/Dublin] Copy file 'fontawesome-webfont.svg'
[18-Oct-2022 14:45:45 Europe/Dublin] Copy file 'fontawesome-webfont.ttf'
[18-Oct-2022 14:45:45 Europe/Dublin] Copy file 'fontawesome-webfont.woff'
[18-Oct-2022 14:45:45 Europe/Dublin] Copy file 'fontawesome-webfont.woff2'
[18-Oct-2022 14:45:45 Europe/Dublin] Copy file 'glyphicons-halflings-regular.eot'
[18-Oct-2022 14:45:45 Europe/Dublin] Copy file 'glyphicons-halflings-regular.svg'
[18-Oct-2022 14:45:45 Europe/Dublin] Copy file 'glyphicons-halflings-regular.ttf'
[18-Oct-2022 14:45:45 Europe/Dublin] Copy file 'glyphicons-halflings-regular.woff'
[18-Oct-2022 14:45:45 Europe/Dublin] Copy file 'glyphicons-halflings-regular.woff2'
[18-Oct-2022 14:45:45 Europe/Dublin] Copy file 'roboto-v20-vietnamese_latin-ext_latin_greek-ext_greek_cyrillic-ext_cyrillic-300.eot'
[18-Oct-2022 14:45:45 Europe/Dublin] Copy file 'roboto-v20-vietnamese_latin-ext_latin_greek-ext_greek_cyrillic-ext_cyrillic-300.svg'
[18-Oct-2022 14:45:45 Europe/Dublin] Copy file 'roboto-v20-vietnamese_latin-ext_latin_greek-ext_greek_cyrillic-ext_cyrillic-300.ttf'
[18-Oct-2022 14:45:45 Europe/Dublin] Copy file 'roboto-v20-vietnamese_latin-ext_latin_greek-ext_greek_cyrillic-ext_cyrillic-300.woff'
[18-Oct-2022 14:45:45 Europe/Dublin] Copy file 'roboto-v20-vietnamese_latin-ext_latin_greek-ext_greek_cyrillic-ext_cyrillic-300.woff2'
[18-Oct-2022 14:45:45 Europe/Dublin] Copy file 'roboto-v20-vietnamese_latin-ext_latin_greek-ext_greek_cyrillic-ext_cyrillic-700.eot'
[18-Oct-2022 14:45:45 Europe/Dublin] Copy file 'roboto-v20-vietnamese_latin-ext_latin_greek-ext_greek_cyrillic-ext_cyrillic-700.svg'
[18-Oct-2022 14:45:45 Europe/Dublin] Copy file 'roboto-v20-vietnamese_latin-ext_latin_greek-ext_greek_cyrillic-ext_cyrillic-700.ttf'
[18-Oct-2022 14:45:45 Europe/Dublin] Copy file 'roboto-v20-vietnamese_latin-ext_latin_greek-ext_greek_cyrillic-ext_cyrillic-700.woff'
[18-Oct-2022 14:45:45 Europe/Dublin] Copy file 'roboto-v20-vietnamese_latin-ext_latin_greek-ext_greek_cyrillic-ext_cyrillic-700.woff2'
[18-Oct-2022 14:45:45 Europe/Dublin] Copy file 'roboto-v20-vietnamese_latin-ext_latin_greek-ext_greek_cyrillic-ext_cyrillic-regular.eot'
[18-Oct-2022 14:45:45 Europe/Dublin] Copy file 'roboto-v20-vietnamese_latin-ext_latin_greek-ext_greek_cyrillic-ext_cyrillic-regular.svg'
[18-Oct-2022 14:45:45 Europe/Dublin] Copy file 'roboto-v20-vietnamese_latin-ext_latin_greek-ext_greek_cyrillic-ext_cyrillic-regular.ttf'
[18-Oct-2022 14:45:45 Europe/Dublin] Copy file 'roboto-v20-vietnamese_latin-ext_latin_greek-ext_greek_cyrillic-ext_cyrillic-regular.woff'
[18-Oct-2022 14:45:45 Europe/Dublin] Copy file 'roboto-v20-vietnamese_latin-ext_latin_greek-ext_greek_cyrillic-ext_cyrillic-regular.woff2'
[18-Oct-2022 14:45:45 Europe/Dublin] Copy file '/var/www/ccms/usr/platform24/xsl/custom/assets/layout-11858/621357ab6ebcf.png' to '/paligo/tmp/platform24/production-634eae01a09cc3.57754181/9276-Common_-_Contact_details-html5/out/css/image/corporate-logo.png'
[18-Oct-2022 14:45:45 Europe/Dublin] Post build HTML5
[18/Oct/2022 14:45:46 Europe/Dublin] [Info] Transformation: index-en.html -> toc-en.html [634eae08539ca.toc.xsl]
[18/Oct/2022 14:45:46 Europe/Dublin] [Info] Transformation: index-en.html -> index-en.html [634eae08539ca.page.xsl]
[18/Oct/2022 14:45:46 Europe/Dublin] [Info] Generating index page.
[18/Oct/2022 14:45:46 Europe/Dublin] [Info] Transformation: index.manifest -> index.html [634eae08539ca.index.xsl]
[18/Oct/2022 14:45:47 Europe/Dublin] [Info] # Took 8.380597 seconds to render.
